
Showing logs for build [32mcb-kubecd-bdd-gh-1596637898-pr-txxqx-1[0m stage [32mfrom-build-pack[0m and container [32mstep-credential-initializer-kxwjf[0m
{"level":"info","ts":1596647312.7281332,"logger":"fallback-logger","caller":"logging/config.go:69","msg":"Fetch GitHub commit ID from kodata failed: open /var/run/ko/refs/heads/0.8.0-ns-support: no such file or directory"}
{"level":"info","ts":1596647312.7307422,"logger":"fallback-logger","caller":"creds-init/main.go:40","msg":"Credentials initialized."}

Showing logs for build [32mcb-kubecd-bdd-gh-1596637898-pr-txxqx-1[0m stage [32mfrom-build-pack[0m and container [32mstep-working-dir-initializer-5zhpj[0m
{"level":"info","ts":1596647313.933489,"logger":"fallback-logger","caller":"logging/config.go:69","msg":"Fetch GitHub commit ID from kodata failed: open /var/run/ko/HEAD: no such file or directory"}
{"level":"info","ts":1596647313.9351697,"logger":"fallback-logger","caller":"bash/main.go:64","msg":"Successfully executed command \"sh -c mkdir -p /workspace/source\"; output "}

Showing logs for build [32mcb-kubecd-bdd-gh-1596637898-pr-txxqx-1[0m stage [32mfrom-build-pack[0m and container [32mstep-place-tools[0m

Showing logs for build [32mcb-kubecd-bdd-gh-1596637898-pr-txxqx-1[0m stage [32mfrom-build-pack[0m and container [32mstep-git-source-cb-kubecd-bdd-gh-1596637898-pr-txxqx-6vstl[0m
{"level":"info","ts":1596647318.0302799,"logger":"fallback-logger","caller":"logging/config.go:69","msg":"Fetch GitHub commit ID from kodata failed: open /var/run/ko/refs/heads/0.8.0-ns-support: no such file or directory"}
{"level":"info","ts":1596647319.0802147,"logger":"fallback-logger","caller":"git/git.go:103","msg":"Successfully cloned https://github.com/cb-kubecd/bdd-gh-1596637898.git @ master in path /workspace/source"}

Showing logs for build [32mcb-kubecd-bdd-gh-1596637898-pr-txxqx-1[0m stage [32mfrom-build-pack[0m and container [32mstep-git-merge[0m
Using SHAs from PULL_REFS=master:f5ed4b7fd5bcc502b0a962124d527332876bff40,3:0234b992ef207d616b79cfa4afe6ae9f1452ed46
DEBUG: LC_ALL=C JX_LOG_LEVEL=error git fetch origin --unshallow 0234b992ef207d616b79cfa4afe6ae9f1452ed46: f5ed4b7fd5bcc502b0a962124d527332876bff40:
DEBUG: ran git fetch --unshallow origin 0234b992ef207d616b79cfa4afe6ae9f1452ed46: f5ed4b7fd5bcc502b0a962124d527332876bff40: in 
DEBUG: LC_ALL=C JX_LOG_LEVEL=error git branch
DEBUG: LC_ALL=C JX_LOG_LEVEL=error git checkout master
DEBUG: ran git checkout master in 
DEBUG: LC_ALL=C JX_LOG_LEVEL=error git reset --hard f5ed4b7fd5bcc502b0a962124d527332876bff40
DEBUG: ran git reset --hard f5ed4b7fd5bcc502b0a962124d527332876bff40 in 
DEBUG: LC_ALL=C JX_LOG_LEVEL=error git clean -fd .
DEBUG: ran clean --force -d . in 
DEBUG: LC_ALL=C JX_LOG_LEVEL=error git merge 0234b992ef207d616b79cfa4afe6ae9f1452ed46
DEBUG: ran git merge 0234b992ef207d616b79cfa4afe6ae9f1452ed46 in 
DEBUG: LC_ALL=C JX_LOG_LEVEL=error git log --format=%H%x1f%an%x1f%ae%x1f%cn%x1f%ce%x1f%s%n%b%x1e f5ed4b7fd5bcc502b0a962124d527332876bff40..HEAD
Merged SHA 0234b992ef207d616b79cfa4afe6ae9f1452ed46 with commit message 'fix: more awesome' into base branch master

Showing logs for build [32mcb-kubecd-bdd-gh-1596637898-pr-txxqx-1[0m stage [32mfrom-build-pack[0m and container [32mstep-build-make-linux[0m
CGO_ENABLED=0 GOOS=linux GOARCH=amd64 GO15VENDOREXPERIMENT=1 go build -ldflags '' -o bin/bdd-gh-1596637898 main.go

Showing logs for build [32mcb-kubecd-bdd-gh-1596637898-pr-txxqx-1[0m stage [32mfrom-build-pack[0m and container [32mstep-build-container-build[0m
ERROR: logging before flag.Parse: E0805 17:08:45.488503      10 metadata.go:241] Failed to unmarshal scopes: json: cannot unmarshal string into Go value of type []string
[36mINFO[0m[0000] Resolved base name scratch to scratch        
[36mINFO[0m[0000] Using dockerignore file: /workspace/source/.dockerignore 
[36mINFO[0m[0000] Resolved base name scratch to scratch        
[36mINFO[0m[0000] Built cross stage deps: map[]                
[36mINFO[0m[0000] No base image, nothing to extract            
[36mINFO[0m[0000] cmd: EXPOSE                                  
[36mINFO[0m[0000] Adding exposed port: 8080/tcp                
[36mINFO[0m[0000] Checking for cached layer gcr.io/jenkins-x-labs-bdd/cache:43fb05ef88901090304f7da395dfa05b92db2dc2b15a646e511d3e8bd640b75c... 
[36mINFO[0m[0001] No cached layer found for cmd COPY ./bin/ /  
[36mINFO[0m[0001] Unpacking rootfs as cmd COPY ./bin/ / requires it. 
[36mINFO[0m[0001] Taking snapshot of full filesystem...        
[36mINFO[0m[0001] Resolving paths                              
[36mINFO[0m[0001] EXPOSE 8080                                  
[36mINFO[0m[0001] cmd: EXPOSE                                  
[36mINFO[0m[0001] Adding exposed port: 8080/tcp                
[36mINFO[0m[0001] No files changed in this command, skipping snapshotting. 
[36mINFO[0m[0001] ENTRYPOINT ["/bdd-gh-1596637898"]            
[36mINFO[0m[0001] No files changed in this command, skipping snapshotting. 
[36mINFO[0m[0001] COPY ./bin/ /                                
[36mINFO[0m[0001] Resolving paths                              
[36mINFO[0m[0001] Taking snapshot of files...                  
[36mINFO[0m[0001] Pushing layer gcr.io/jenkins-x-labs-bdd/cache:43fb05ef88901090304f7da395dfa05b92db2dc2b15a646e511d3e8bd640b75c to cache now 

Showing logs for build [32mcb-kubecd-bdd-gh-1596637898-pr-txxqx-1[0m stage [32mfrom-build-pack[0m and container [32mstep-promote-make-preview[0m
sed -i -e "s/version:.*/version: 0.0.0-SNAPSHOT-PR-3-1/" Chart.yaml
sed -i -e "s/version:.*/version: 0.0.0-SNAPSHOT-PR-3-1/" ../*/Chart.yaml
sed -i -e "s|repository:.*|repository: gcr.io\/jenkins-x-labs-bdd\/bdd-gh-1596637898|" values.yaml
sed -i -e "s/tag:.*/tag: 0.0.0-SNAPSHOT-PR-3-1/" values.yaml
echo "  version: 0.0.0-SNAPSHOT-PR-3-1" >> requirements.yaml
** step helm build
WARNING: No $CHART_REPOSITORY defined so using the default value of: http://jenkins-x-chartmuseum:8080
Adding missing Helm repo: storage.googleapis.com https://storage.googleapis.com/chartmuseum.jenkins-x.io
Successfully added Helm repository storage.googleapis.com.
Adding missing Helm repo: jenkins-x-chartmuseum http://jenkins-x-chartmuseum:8080
Successfully added Helm repository jenkins-x-chartmuseum.
WARNING: No $CHART_REPOSITORY defined so using the default value of: http://jenkins-x-chartmuseum:8080

Showing logs for build [32mcb-kubecd-bdd-gh-1596637898-pr-txxqx-1[0m stage [32mfrom-build-pack[0m and container [32mstep-promote-jx-preview[0m
Creating a preview
Found commit author match for: jstrachan with email address: james.strachan@gmail.com
Created environment cb-kubecd-bdd-gh-1596637898-pr-3
Namespace **-cb-kubecd-bdd-gh-1596637898-pr-3 created 
expose:
  Annotations:
    helm.sh/hook: post-install,post-upgrade
    helm.sh/hook-delete-policy: hook-succeeded
  config:
    domain: 34.77.59.170.nip.io
    exposer: Ingress
    http: "true"
preview:
  image:
    repository: gcr.io/jenkins-x-labs-bdd/bdd-gh-1596637898
    tag: 0.0.0-SNAPSHOT-PR-3-1
adding helm values file /workspace/source/charts/preview/**-values.yaml for namespace **-cb-kubecd-bdd-gh-1596637898-pr-3
Cloning the Jenkins X versions repo https://github.com/jenkins-x/**r-versions.git with ref refs/heads/master to /tmp/909995051/jenkins-x-versions
about to run: git fetch --tags in dir /tmp/909995051/jenkins-x-versions
about to run: git describe master --abbrev=0 --contains in dir /tmp/909995051/jenkins-x-versions
v0.0.329~1
Updating PipelineActivities cb-kubecd-bdd-gh-1596637898-pr-3-1 which has status Running
WARNING: preview application http://bdd-gh-1596637898-**-cb-kubecd-bdd-gh-1596637898-pr-3.34.77.59.170.nip.io not available, error was 503 503 Service Temporarily Unavailable, delaying for: 1.252573036s
WARNING: preview application http://bdd-gh-1596637898-**-cb-kubecd-bdd-gh-1596637898-pr-3.34.77.59.170.nip.io not available, error was 503 503 Service Temporarily Unavailable, delaying for: 1.795078749s
Preview application is now available at: http://bdd-gh-1596637898-**-cb-kubecd-bdd-gh-1596637898-pr-3.34.77.59.170.nip.io
