
Showing logs for build [32mcb-kubecd-bdd-gh-1596637898-mas-9qlqt-3[0m stage [32mfrom-build-pack[0m and container [32mstep-credential-initializer-8hckw[0m
{"level":"info","ts":1596643073.6326547,"logger":"fallback-logger","caller":"logging/config.go:69","msg":"Fetch GitHub commit ID from kodata failed: open /var/run/ko/refs/heads/0.8.0-ns-support: no such file or directory"}
{"level":"info","ts":1596643073.6349483,"logger":"fallback-logger","caller":"creds-init/main.go:40","msg":"Credentials initialized."}

Showing logs for build [32mcb-kubecd-bdd-gh-1596637898-mas-9qlqt-3[0m stage [32mfrom-build-pack[0m and container [32mstep-working-dir-initializer-75zqt[0m
{"level":"info","ts":1596643074.156867,"logger":"fallback-logger","caller":"logging/config.go:69","msg":"Fetch GitHub commit ID from kodata failed: open /var/run/ko/HEAD: no such file or directory"}
{"level":"info","ts":1596643074.158641,"logger":"fallback-logger","caller":"bash/main.go:64","msg":"Successfully executed command \"sh -c mkdir -p /workspace/source\"; output "}

Showing logs for build [32mcb-kubecd-bdd-gh-1596637898-mas-9qlqt-3[0m stage [32mfrom-build-pack[0m and container [32mstep-place-tools[0m

Showing logs for build [32mcb-kubecd-bdd-gh-1596637898-mas-9qlqt-3[0m stage [32mfrom-build-pack[0m and container [32mstep-git-source-cb-kubecd-bdd-gh-1596637898-mas-9qlqt-bps4c[0m
{"level":"info","ts":1596643101.4474368,"logger":"fallback-logger","caller":"logging/config.go:69","msg":"Fetch GitHub commit ID from kodata failed: open /var/run/ko/refs/heads/0.8.0-ns-support: no such file or directory"}
{"level":"info","ts":1596643102.568426,"logger":"fallback-logger","caller":"git/git.go:103","msg":"Successfully cloned https://github.com/cb-kubecd/bdd-gh-1596637898.git @ v0.0.6 in path /workspace/source"}

Showing logs for build [32mcb-kubecd-bdd-gh-1596637898-mas-9qlqt-3[0m stage [32mfrom-build-pack[0m and container [32mstep-setup-builder-home[0m

Showing logs for build [32mcb-kubecd-bdd-gh-1596637898-mas-9qlqt-3[0m stage [32mfrom-build-pack[0m and container [32mstep-git-merge[0m
Using SHAs from PULL_REFS=master:
WARNING: no SHAs to merge, falling back to initial cloned commit

Showing logs for build [32mcb-kubecd-bdd-gh-1596637898-mas-9qlqt-3[0m stage [32mfrom-build-pack[0m and container [32mstep-setup-jx-git-credentials[0m
Generated Git credentials file /workspace/xdg_config/git/credentials

Showing logs for build [32mcb-kubecd-bdd-gh-1596637898-mas-9qlqt-3[0m stage [32mfrom-build-pack[0m and container [32mstep-build-make-build[0m
CGO_ENABLED=0 GO15VENDOREXPERIMENT=1 go build -ldflags '' -o bin/bdd-gh-1596637898 main.go

Showing logs for build [32mcb-kubecd-bdd-gh-1596637898-mas-9qlqt-3[0m stage [32mfrom-build-pack[0m and container [32mstep-build-container-build[0m
ERROR: logging before flag.Parse: E0805 15:58:29.071346      10 metadata.go:241] Failed to unmarshal scopes: json: cannot unmarshal string into Go value of type []string
[36mINFO[0m[0000] Resolved base name scratch to scratch        
[36mINFO[0m[0000] Using dockerignore file: /workspace/source/.dockerignore 
[36mINFO[0m[0000] Resolved base name scratch to scratch        
[36mINFO[0m[0000] Built cross stage deps: map[]                
[36mINFO[0m[0000] No base image, nothing to extract            
[36mINFO[0m[0000] cmd: EXPOSE                                  
[36mINFO[0m[0000] Adding exposed port: 8080/tcp                
[36mINFO[0m[0000] Checking for cached layer gcr.io/jenkins-x-labs-bdd/cache:cf2ddde2448f97772413ca50027b0751e2172baab366d16c4916ba279ad8d1e3... 
[36mINFO[0m[0000] Using caching version of cmd: COPY ./bin/ /  
[36mINFO[0m[0000] Skipping unpacking as no commands require it. 
[36mINFO[0m[0000] Taking snapshot of full filesystem...        
[36mINFO[0m[0000] Resolving paths                              
[36mINFO[0m[0000] EXPOSE 8080                                  
[36mINFO[0m[0000] cmd: EXPOSE                                  
[36mINFO[0m[0000] Adding exposed port: 8080/tcp                
[36mINFO[0m[0000] No files changed in this command, skipping snapshotting. 
[36mINFO[0m[0000] ENTRYPOINT ["/bdd-gh-1596637898"]            
[36mINFO[0m[0000] No files changed in this command, skipping snapshotting. 
[36mINFO[0m[0000] COPY ./bin/ /                                
[36mINFO[0m[0000] Found cached layer, extracting to filesystem 

Showing logs for build [32mcb-kubecd-bdd-gh-1596637898-mas-9qlqt-3[0m stage [32mfrom-build-pack[0m and container [32mstep-promote-changelog[0m
Converted /workspace/source/charts/bdd-gh-1596637898 to an unshallow repository
Generating change log from git ref 13ce246ff8882a14bb5b7a03ddf9db5a3a99229f => f83e3d32d88611ed6cb58dc8c60057f255c4c750
Associating user x-0 in users.jenkins.io with email jenkins-x@googlegroups.com to git GitProvider user with login -0 as emails match
Adding label jenkins.io/git-github-userid=-0 to user x-0 in users.jenkins.io
WARNING: Failed to enrich commit 3cb62cb4b76a7b245aef2bb5c38e0dcf00d52bf9 with issues: User.jenkins.io "x-0" is invalid: metadata.labels: Invalid value: "-0": a valid label must be an empty string or consist of alphanumeric characters, '-', '_' or '.', and must start and end with an alphanumeric character (e.g. 'MyValue',  or 'my_value',  or '12345', regex used for validation is '(([A-Za-z0-9][-A-Za-z0-9_.]*)?[A-Za-z0-9])?')
Associating user x-0 in users.jenkins.io with email jenkins-x@googlegroups.com to git GitProvider user with login -0 as emails match
Adding label jenkins.io/git-github-userid=-0 to user x-0 in users.jenkins.io
WARNING: Failed to enrich commit 3cb62cb4b76a7b245aef2bb5c38e0dcf00d52bf9 with issues: User.jenkins.io "x-0" is invalid: metadata.labels: Invalid value: "-0": a valid label must be an empty string or consist of alphanumeric characters, '-', '_' or '.', and must start and end with an alphanumeric character (e.g. 'MyValue',  or 'my_value',  or '12345', regex used for validation is '(([A-Za-z0-9][-A-Za-z0-9_.]*)?[A-Za-z0-9])?')
Finding issues in commit messages using git format
WARNING: No release found for cb-kubecd/bdd-gh-1596637898 and tag v0.0.6 so creating a new release
Updated the release information at https://github.com/cb-kubecd/bdd-gh-1596637898/releases/tag/v0.0.6
generated: /workspace/source/charts/bdd-gh-1596637898/templates/release.yaml
Created Release bdd-gh-1596637898-0-0-6 resource in namespace **
Updating PipelineActivity cb-kubecd-bdd-gh-1596637898-master-3 with version 0.0.6
Updated PipelineActivities cb-kubecd-bdd-gh-1596637898-master-3 with release notes URL: https://github.com/cb-kubecd/bdd-gh-1596637898/releases/tag/v0.0.6

Showing logs for build [32mcb-kubecd-bdd-gh-1596637898-mas-9qlqt-3[0m stage [32mfrom-build-pack[0m and container [32mstep-promote-helm-release[0m
WARNING: No $CHART_REPOSITORY defined so using the default value of: http://jenkins-x-chartmuseum:8080
Adding missing Helm repo: storage.googleapis.com https://storage.googleapis.com/chartmuseum.jenkins-x.io
Successfully added Helm repository storage.googleapis.com.
Adding missing Helm repo: jenkins-x-chartmuseum http://jenkins-x-chartmuseum:8080
Successfully added Helm repository jenkins-x-chartmuseum.
WARNING: No $CHART_REPOSITORY defined so using the default value of: http://jenkins-x-chartmuseum:8080
Uploading chart file bdd-gh-1596637898-0.0.6.tgz to http://jenkins-x-chartmuseum:8080/api/charts
Received 201 response: {"saved":true}

Showing logs for build [32mcb-kubecd-bdd-gh-1596637898-mas-9qlqt-3[0m stage [32mfrom-build-pack[0m and container [32mstep-promote-jx-promote[0m
defaulting to the version 0.0.6 from $VERSION
loading version stream URL https://github.com/jenkins-x/**r-versions.git ref master
running command: git config --global credential.helper store
WARNING: prow based install so skip waiting for the merge of Pull Requests to go green as currently there is an issue with gettingstatuses from the PR, see https://github.com/jenkins-x/**/issues/2410
Promoting app bdd-gh-1596637898 version 0.0.6 to namespace **-staging
running command: git clone https://github.com/cb-kubecd/env-pr-1086-1-bdd-gke-dev.git **-promote-471810630
Cloning into '**-promote-471810630'...
cloned https://github.com/cb-kubecd/env-pr-1086-1-bdd-gke-dev.git to /tmp/**-promote-471810630
created Pull Request https://github.com/cb-kubecd/env-pr-1086-1-bdd-gke-dev/pull/4 from dir /tmp/**-promote-471810630
The build for the Pull Request last commit is currently in progress.
The build for the Pull Request last commit is currently in progress.
The build for the Pull Request last commit is currently in progress.
error: Pull request https://github.com/cb-kubecd/env-pr-1086-1-bdd-gke-dev/pull/4 last commit has status failure for ref c7028f3757cb40d3f855cbd4b2adaa9a19756e86
[31m
Pipeline failed on stage 'from-build-pack' : container 'step-promote-jx-promote'. The execution of the pipeline has stopped.[0m
