
Showing logs for build [32mcb-kubecd-bdd-gh-1596637898-mas-p88tc-6[0m stage [32mfrom-build-pack[0m and container [32mstep-credential-initializer-jldm7[0m
{"level":"info","ts":1596643685.5716558,"logger":"fallback-logger","caller":"logging/config.go:69","msg":"Fetch GitHub commit ID from kodata failed: open /var/run/ko/refs/heads/0.8.0-ns-support: no such file or directory"}
{"level":"info","ts":1596643685.5729213,"logger":"fallback-logger","caller":"creds-init/main.go:40","msg":"Credentials initialized."}

Showing logs for build [32mcb-kubecd-bdd-gh-1596637898-mas-p88tc-6[0m stage [32mfrom-build-pack[0m and container [32mstep-working-dir-initializer-frrb4[0m
{"level":"info","ts":1596643686.6023536,"logger":"fallback-logger","caller":"logging/config.go:69","msg":"Fetch GitHub commit ID from kodata failed: open /var/run/ko/HEAD: no such file or directory"}
{"level":"info","ts":1596643686.6042519,"logger":"fallback-logger","caller":"bash/main.go:64","msg":"Successfully executed command \"sh -c mkdir -p /workspace/source\"; output "}

Showing logs for build [32mcb-kubecd-bdd-gh-1596637898-mas-p88tc-6[0m stage [32mfrom-build-pack[0m and container [32mstep-place-tools[0m

Showing logs for build [32mcb-kubecd-bdd-gh-1596637898-mas-p88tc-6[0m stage [32mfrom-build-pack[0m and container [32mstep-git-source-cb-kubecd-bdd-gh-1596637898-mas-p88tc-gq2lr[0m
{"level":"info","ts":1596643721.0096016,"logger":"fallback-logger","caller":"logging/config.go:69","msg":"Fetch GitHub commit ID from kodata failed: open /var/run/ko/refs/heads/0.8.0-ns-support: no such file or directory"}
{"level":"info","ts":1596643722.1769252,"logger":"fallback-logger","caller":"git/git.go:103","msg":"Successfully cloned https://github.com/cb-kubecd/bdd-gh-1596637898.git @ v0.0.10 in path /workspace/source"}

Showing logs for build [32mcb-kubecd-bdd-gh-1596637898-mas-p88tc-6[0m stage [32mfrom-build-pack[0m and container [32mstep-setup-builder-home[0m

Showing logs for build [32mcb-kubecd-bdd-gh-1596637898-mas-p88tc-6[0m stage [32mfrom-build-pack[0m and container [32mstep-git-merge[0m
Using SHAs from PULL_REFS=master:
WARNING: no SHAs to merge, falling back to initial cloned commit

Showing logs for build [32mcb-kubecd-bdd-gh-1596637898-mas-p88tc-6[0m stage [32mfrom-build-pack[0m and container [32mstep-setup-jx-git-credentials[0m
Generated Git credentials file /workspace/xdg_config/git/credentials

Showing logs for build [32mcb-kubecd-bdd-gh-1596637898-mas-p88tc-6[0m stage [32mfrom-build-pack[0m and container [32mstep-build-make-build[0m
CGO_ENABLED=0 GO15VENDOREXPERIMENT=1 go build -ldflags '' -o bin/bdd-gh-1596637898 main.go

Showing logs for build [32mcb-kubecd-bdd-gh-1596637898-mas-p88tc-6[0m stage [32mfrom-build-pack[0m and container [32mstep-build-container-build[0m
ERROR: logging before flag.Parse: E0805 16:08:48.462984      11 metadata.go:241] Failed to unmarshal scopes: json: cannot unmarshal string into Go value of type []string
[36mINFO[0m[0000] Resolved base name scratch to scratch        
[36mINFO[0m[0000] Using dockerignore file: /workspace/source/.dockerignore 
[36mINFO[0m[0000] Resolved base name scratch to scratch        
[36mINFO[0m[0000] Built cross stage deps: map[]                
[36mINFO[0m[0000] No base image, nothing to extract            
[36mINFO[0m[0000] cmd: EXPOSE                                  
[36mINFO[0m[0000] Adding exposed port: 8080/tcp                
[36mINFO[0m[0000] Checking for cached layer gcr.io/jenkins-x-labs-bdd/cache:cf2ddde2448f97772413ca50027b0751e2172baab366d16c4916ba279ad8d1e3... 
[36mINFO[0m[0001] Using caching version of cmd: COPY ./bin/ /  
[36mINFO[0m[0001] Skipping unpacking as no commands require it. 
[36mINFO[0m[0001] Taking snapshot of full filesystem...        
[36mINFO[0m[0001] Resolving paths                              
[36mINFO[0m[0001] EXPOSE 8080                                  
[36mINFO[0m[0001] cmd: EXPOSE                                  
[36mINFO[0m[0001] Adding exposed port: 8080/tcp                
[36mINFO[0m[0001] No files changed in this command, skipping snapshotting. 
[36mINFO[0m[0001] ENTRYPOINT ["/bdd-gh-1596637898"]            
[36mINFO[0m[0001] No files changed in this command, skipping snapshotting. 
[36mINFO[0m[0001] COPY ./bin/ /                                
[36mINFO[0m[0001] Found cached layer, extracting to filesystem 

Showing logs for build [32mcb-kubecd-bdd-gh-1596637898-mas-p88tc-6[0m stage [32mfrom-build-pack[0m and container [32mstep-promote-changelog[0m
Converted /workspace/source/charts/bdd-gh-1596637898 to an unshallow repository
Generating change log from git ref bc840134825a76182dfd1edd6f89fa317b0eeac4 => 0fd8544ed9456f7b3f7dcbb8a0f7c83c3fb8e67c
Associating user x-0 in users.jenkins.io with email jenkins-x@googlegroups.com to git GitProvider user with login -0 as emails match
Adding label jenkins.io/git-github-userid=-0 to user x-0 in users.jenkins.io
WARNING: Failed to enrich commit ea5e2d2551015289677f4c4dc40e749d8da5212d with issues: User.jenkins.io "x-0" is invalid: metadata.labels: Invalid value: "-0": a valid label must be an empty string or consist of alphanumeric characters, '-', '_' or '.', and must start and end with an alphanumeric character (e.g. 'MyValue',  or 'my_value',  or '12345', regex used for validation is '(([A-Za-z0-9][-A-Za-z0-9_.]*)?[A-Za-z0-9])?')
Associating user x-0 in users.jenkins.io with email jenkins-x@googlegroups.com to git GitProvider user with login -0 as emails match
Adding label jenkins.io/git-github-userid=-0 to user x-0 in users.jenkins.io
WARNING: Failed to enrich commit ea5e2d2551015289677f4c4dc40e749d8da5212d with issues: User.jenkins.io "x-0" is invalid: metadata.labels: Invalid value: "-0": a valid label must be an empty string or consist of alphanumeric characters, '-', '_' or '.', and must start and end with an alphanumeric character (e.g. 'MyValue',  or 'my_value',  or '12345', regex used for validation is '(([A-Za-z0-9][-A-Za-z0-9_.]*)?[A-Za-z0-9])?')
Finding issues in commit messages using git format
WARNING: No release found for cb-kubecd/bdd-gh-1596637898 and tag v0.0.10 so creating a new release
Updated the release information at https://github.com/cb-kubecd/bdd-gh-1596637898/releases/tag/v0.0.10
generated: /workspace/source/charts/bdd-gh-1596637898/templates/release.yaml
Created Release bdd-gh-1596637898-0-0-10 resource in namespace **
Updating PipelineActivity cb-kubecd-bdd-gh-1596637898-master-6 with version 0.0.10
Updated PipelineActivities cb-kubecd-bdd-gh-1596637898-master-6 with release notes URL: https://github.com/cb-kubecd/bdd-gh-1596637898/releases/tag/v0.0.10

Showing logs for build [32mcb-kubecd-bdd-gh-1596637898-mas-p88tc-6[0m stage [32mfrom-build-pack[0m and container [32mstep-promote-helm-release[0m
WARNING: No $CHART_REPOSITORY defined so using the default value of: http://jenkins-x-chartmuseum:8080
Adding missing Helm repo: storage.googleapis.com https://storage.googleapis.com/chartmuseum.jenkins-x.io
Successfully added Helm repository storage.googleapis.com.
Adding missing Helm repo: jenkins-x-chartmuseum http://jenkins-x-chartmuseum:8080
Successfully added Helm repository jenkins-x-chartmuseum.
WARNING: No $CHART_REPOSITORY defined so using the default value of: http://jenkins-x-chartmuseum:8080
Uploading chart file bdd-gh-1596637898-0.0.10.tgz to http://jenkins-x-chartmuseum:8080/api/charts
Received 201 response: {"saved":true}

Showing logs for build [32mcb-kubecd-bdd-gh-1596637898-mas-p88tc-6[0m stage [32mfrom-build-pack[0m and container [32mstep-promote-jx-promote[0m
defaulting to the version 0.0.10 from $VERSION
loading version stream URL https://github.com/jenkins-x/**r-versions.git ref master
running command: git config --global credential.helper store
WARNING: prow based install so skip waiting for the merge of Pull Requests to go green as currently there is an issue with gettingstatuses from the PR, see https://github.com/jenkins-x/**/issues/2410
Promoting app bdd-gh-1596637898 version 0.0.10 to namespace **-staging
running command: git clone https://github.com/cb-kubecd/env-pr-1086-1-bdd-gke-dev.git **-promote-402974750
Cloning into '**-promote-402974750'...
cloned https://github.com/cb-kubecd/env-pr-1086-1-bdd-gke-dev.git to /tmp/**-promote-402974750
created Pull Request https://github.com/cb-kubecd/env-pr-1086-1-bdd-gke-dev/pull/6 from dir /tmp/**-promote-402974750
WARNING: Failed to query the Pull Request last commit status for https://github.com/cb-kubecd/env-pr-1086-1-bdd-gke-dev/pull/6 ref b8afbb28866c8f9e027a5577dc4d17b2b00a1145 no commit statuses returned for repository cb-kubecd/env-pr-1086-1-bdd-gke-dev for PR last commit status of b8afbb28866c8f9e027a5577dc4d17b2b00a1145
The build for the Pull Request last commit is currently in progress.
The build for the Pull Request last commit is currently in progress.
The build for the Pull Request last commit is currently in progress.
The build for the Pull Request last commit is currently in progress.
The build for the Pull Request last commit is currently in progress.
The build for the Pull Request last commit is currently in progress.
The build for the Pull Request last commit is currently in progress.
WARNING: Pull Request https://github.com/cb-kubecd/env-pr-1086-1-bdd-gke-dev/pull/6 is closed
error: Promotion failed as Pull Request https://github.com/cb-kubecd/env-pr-1086-1-bdd-gke-dev/pull/6 is closed without merging
[31m
Pipeline failed on stage 'from-build-pack' : container 'step-promote-jx-promote'. The execution of the pipeline has stopped.[0m
