
Showing logs for build [32mcb-kubecd-bdd-gh-1596637898-mas-jnnlh-7[0m stage [32mfrom-build-pack[0m and container [32mstep-credential-initializer-pccj8[0m
{"level":"info","ts":1596645751.1140704,"logger":"fallback-logger","caller":"logging/config.go:69","msg":"Fetch GitHub commit ID from kodata failed: open /var/run/ko/refs/heads/0.8.0-ns-support: no such file or directory"}
{"level":"info","ts":1596645751.1146731,"logger":"fallback-logger","caller":"creds-init/main.go:40","msg":"Credentials initialized."}

Showing logs for build [32mcb-kubecd-bdd-gh-1596637898-mas-jnnlh-7[0m stage [32mfrom-build-pack[0m and container [32mstep-working-dir-initializer-tbnw8[0m
{"level":"info","ts":1596645752.054282,"logger":"fallback-logger","caller":"logging/config.go:69","msg":"Fetch GitHub commit ID from kodata failed: open /var/run/ko/HEAD: no such file or directory"}
{"level":"info","ts":1596645752.0633698,"logger":"fallback-logger","caller":"bash/main.go:64","msg":"Successfully executed command \"sh -c mkdir -p /workspace/source\"; output "}

Showing logs for build [32mcb-kubecd-bdd-gh-1596637898-mas-jnnlh-7[0m stage [32mfrom-build-pack[0m and container [32mstep-place-tools[0m

Showing logs for build [32mcb-kubecd-bdd-gh-1596637898-mas-jnnlh-7[0m stage [32mfrom-build-pack[0m and container [32mstep-git-source-cb-kubecd-bdd-gh-1596637898-mas-jnnlh-84hh9[0m
{"level":"info","ts":1596645758.2253954,"logger":"fallback-logger","caller":"logging/config.go:69","msg":"Fetch GitHub commit ID from kodata failed: open /var/run/ko/refs/heads/0.8.0-ns-support: no such file or directory"}
{"level":"info","ts":1596645759.4894662,"logger":"fallback-logger","caller":"git/git.go:103","msg":"Successfully cloned https://github.com/cb-kubecd/bdd-gh-1596637898.git @ v0.0.12 in path /workspace/source"}

Showing logs for build [32mcb-kubecd-bdd-gh-1596637898-mas-jnnlh-7[0m stage [32mfrom-build-pack[0m and container [32mstep-git-merge[0m
Using SHAs from PULL_REFS=master:5bbbd10e9e77050b878bc0823a00a2709152f9f8
WARNING: no SHAs to merge, falling back to initial cloned commit

Showing logs for build [32mcb-kubecd-bdd-gh-1596637898-mas-jnnlh-7[0m stage [32mfrom-build-pack[0m and container [32mstep-setup-jx-git-credentials[0m
Generated Git credentials file /workspace/xdg_config/git/credentials

Showing logs for build [32mcb-kubecd-bdd-gh-1596637898-mas-jnnlh-7[0m stage [32mfrom-build-pack[0m and container [32mstep-build-make-build[0m
CGO_ENABLED=0 GO15VENDOREXPERIMENT=1 go build -ldflags '' -o bin/bdd-gh-1596637898 main.go

Showing logs for build [32mcb-kubecd-bdd-gh-1596637898-mas-jnnlh-7[0m stage [32mfrom-build-pack[0m and container [32mstep-build-container-build[0m
ERROR: logging before flag.Parse: E0805 16:42:53.843052      11 metadata.go:241] Failed to unmarshal scopes: json: cannot unmarshal string into Go value of type []string
[36mINFO[0m[0000] Resolved base name scratch to scratch        
[36mINFO[0m[0000] Using dockerignore file: /workspace/source/.dockerignore 
[36mINFO[0m[0000] Resolved base name scratch to scratch        
[36mINFO[0m[0000] Built cross stage deps: map[]                
[36mINFO[0m[0000] No base image, nothing to extract            
[36mINFO[0m[0000] cmd: EXPOSE                                  
[36mINFO[0m[0000] Adding exposed port: 8080/tcp                
[36mINFO[0m[0000] Checking for cached layer gcr.io/jenkins-x-labs-bdd/cache:b112a6a572be70920b090905142c790e50568253f7013ff82a9a9020b9dc73f4... 
[36mINFO[0m[0000] No cached layer found for cmd COPY ./bin/ /  
[36mINFO[0m[0000] Unpacking rootfs as cmd COPY ./bin/ / requires it. 
[36mINFO[0m[0000] Taking snapshot of full filesystem...        
[36mINFO[0m[0000] Resolving paths                              
[36mINFO[0m[0000] EXPOSE 8080                                  
[36mINFO[0m[0000] cmd: EXPOSE                                  
[36mINFO[0m[0000] Adding exposed port: 8080/tcp                
[36mINFO[0m[0000] No files changed in this command, skipping snapshotting. 
[36mINFO[0m[0000] ENTRYPOINT ["/bdd-gh-1596637898"]            
[36mINFO[0m[0000] No files changed in this command, skipping snapshotting. 
[36mINFO[0m[0000] COPY ./bin/ /                                
[36mINFO[0m[0000] Resolving paths                              
[36mINFO[0m[0000] Taking snapshot of files...                  
[36mINFO[0m[0001] Pushing layer gcr.io/jenkins-x-labs-bdd/cache:b112a6a572be70920b090905142c790e50568253f7013ff82a9a9020b9dc73f4 to cache now 

Showing logs for build [32mcb-kubecd-bdd-gh-1596637898-mas-jnnlh-7[0m stage [32mfrom-build-pack[0m and container [32mstep-promote-changelog[0m
Converted /workspace/source/charts/bdd-gh-1596637898 to an unshallow repository
Generating change log from git ref ee19b30ad1ea2721f42f32518a1ddb54fadb3739 => c42787f968b1fc4c1809802ec348e5b9bdde6ad9
Associating user x-0 in users.jenkins.io with email jenkins-x@googlegroups.com to git GitProvider user with login -0 as emails match
Adding label jenkins.io/git-github-userid=-0 to user x-0 in users.jenkins.io
WARNING: Failed to enrich commit e7453423266f52e1db07cad0285e431e5473102a with issues: User.jenkins.io "x-0" is invalid: metadata.labels: Invalid value: "-0": a valid label must be an empty string or consist of alphanumeric characters, '-', '_' or '.', and must start and end with an alphanumeric character (e.g. 'MyValue',  or 'my_value',  or '12345', regex used for validation is '(([A-Za-z0-9][-A-Za-z0-9_.]*)?[A-Za-z0-9])?')
Associating user x-0 in users.jenkins.io with email jenkins-x@googlegroups.com to git GitProvider user with login -0 as emails match
Adding label jenkins.io/git-github-userid=-0 to user x-0 in users.jenkins.io
WARNING: Failed to enrich commit e7453423266f52e1db07cad0285e431e5473102a with issues: User.jenkins.io "x-0" is invalid: metadata.labels: Invalid value: "-0": a valid label must be an empty string or consist of alphanumeric characters, '-', '_' or '.', and must start and end with an alphanumeric character (e.g. 'MyValue',  or 'my_value',  or '12345', regex used for validation is '(([A-Za-z0-9][-A-Za-z0-9_.]*)?[A-Za-z0-9])?')
Finding issues in commit messages using git format
WARNING: No release found for cb-kubecd/bdd-gh-1596637898 and tag v0.0.12 so creating a new release
Updated the release information at https://github.com/cb-kubecd/bdd-gh-1596637898/releases/tag/v0.0.12
generated: /workspace/source/charts/bdd-gh-1596637898/templates/release.yaml
Created Release bdd-gh-1596637898-0-0-12 resource in namespace **
Updating PipelineActivity cb-kubecd-bdd-gh-1596637898-master-7 with version 0.0.12
Updated PipelineActivities cb-kubecd-bdd-gh-1596637898-master-7 with release notes URL: https://github.com/cb-kubecd/bdd-gh-1596637898/releases/tag/v0.0.12

Showing logs for build [32mcb-kubecd-bdd-gh-1596637898-mas-jnnlh-7[0m stage [32mfrom-build-pack[0m and container [32mstep-promote-helm-release[0m
WARNING: No $CHART_REPOSITORY defined so using the default value of: http://jenkins-x-chartmuseum:8080
Adding missing Helm repo: storage.googleapis.com https://storage.googleapis.com/chartmuseum.jenkins-x.io
Successfully added Helm repository storage.googleapis.com.
Adding missing Helm repo: jenkins-x-chartmuseum http://jenkins-x-chartmuseum:8080
Successfully added Helm repository jenkins-x-chartmuseum.
WARNING: No $CHART_REPOSITORY defined so using the default value of: http://jenkins-x-chartmuseum:8080
Uploading chart file bdd-gh-1596637898-0.0.12.tgz to http://jenkins-x-chartmuseum:8080/api/charts
Received 201 response: {"saved":true}

Showing logs for build [32mcb-kubecd-bdd-gh-1596637898-mas-jnnlh-7[0m stage [32mfrom-build-pack[0m and container [32mstep-promote-jx-promote[0m
defaulting to the version 0.0.12 from $VERSION
loading version stream URL https://github.com/jenkins-x/**r-versions.git ref 29a22482e6f1ad0d3f6df899110cf58e5174524a
checking out ref 29a22482e6f1ad0d3f6df899110cf58e5174524a
running command: git config --global credential.helper store
WARNING: prow based install so skip waiting for the merge of Pull Requests to go green as currently there is an issue with gettingstatuses from the PR, see https://github.com/jenkins-x/**/issues/2410
Promoting app bdd-gh-1596637898 version 0.0.12 to namespace **-staging
running command: git clone https://github.com/cb-kubecd/env-pr-1086-1-bdd-gke-dev.git **-promote-742732434
Cloning into '**-promote-742732434'...
cloned https://github.com/cb-kubecd/env-pr-1086-1-bdd-gke-dev.git to /tmp/**-promote-742732434
created Pull Request https://github.com/cb-kubecd/env-pr-1086-1-bdd-gke-dev/pull/7 from dir /tmp/**-promote-742732434
The build for the Pull Request last commit is currently in progress.
The build for the Pull Request last commit is currently in progress.
The build for the Pull Request last commit is currently in progress.
error: Pull request https://github.com/cb-kubecd/env-pr-1086-1-bdd-gke-dev/pull/7 last commit has status failure for ref cfdbdf5bb51939da08b5f6582ff3ddb467c72855
[31m
Pipeline failed on stage 'from-build-pack' : container 'step-promote-jx-promote'. The execution of the pipeline has stopped.[0m
